npm verb cli /usr/bin/node /usr/bin/npm
npm info using npm@9.2.0
npm info using node@v18.19.1
npm verb title npm install
npm verb argv "install" "--loglevel" "verbose"
npm verb logfile logs-max:10 dir:/home/immigrant/.npm/_logs/2026-02-19T22_35_20_697Z-
npm verb logfile /home/immigrant/.npm/_logs/2026-02-19T22_35_20_697Z-debug-0.log
npm verb shrinkwrap failed to load node_modules/.package-lock.json out of date, updated: node_modules
npm verb stack Error: ENOTEMPTY: directory not empty, rename '/home/immigrant/immigration_ai/node_modules/eslint' -> '/home/immigrant/immigration_ai/node_modules/.eslint-iM43W2WI'
npm verb cwd /home/immigrant/immigration_ai
npm verb Linux 6.14.0-37-generic
npm verb node v18.19.1
npm verb npm  v9.2.0
npm ERR! code ENOTEMPTY
npm ERR! syscall rename
npm ERR! path /home/immigrant/immigration_ai/node_modules/eslint
npm ERR! dest /home/immigrant/immigration_ai/node_modules/.eslint-iM43W2WI
npm ERR! errno -39
npm ERR! ENOTEMPTY: directory not empty, rename '/home/immigrant/immigration_ai/node_modules/eslint' -> '/home/immigrant/immigration_ai/node_modules/.eslint-iM43W2WI'
npm verb exit -39
npm verb unfinished npm timer reify 1771540520781
npm verb unfinished npm timer reify:retireShallow 1771540522347
npm verb code -39

npm ERR! A complete log of this run can be found in:
npm ERR!     /home/immigrant/.npm/_logs/2026-02-19T22_35_20_697Z-debug-0.log
